{"name": "test_get_books2", "status": "failed", "statusDetails": {"message": "AssertionError: Invalid code status, expected 200, received 200.\nassert 200 == 201\n +  where 200 = <Response [200]>.status_code", "trace": "@log\n    def test_get_books2():\n        url = \"https://simple-books-api.click/books\"\n        response = requests.get(\n            url=url\n        )\n>       assert response.status_code == 201, f\"Invalid code status, expected 200, received {response.status_code}.\"\nE       AssertionError: Invalid code status, expected 200, received 200.\nE       assert 200 == 201\nE        +  where 200 = <Response [200]>.status_code\n\ntest_log.py:32: AssertionError"}, "start": 1761961460857, "stop": 1761961461022, "uuid": "509abc6d-48b7-4ded-822b-e8a7e06a8463", "historyId": "a4b9764bb906f6799a170dd7e74ba894", "testCaseId": "a4b9764bb906f6799a170dd7e74ba894", "fullName": "test_log#test_get_books2", "labels": [{"name": "suite", "value": "test_log"}, {"name": "host", "value": "Timurs-MacBook-Pro.local"}, {"name": "thread", "value": "8994-MainThread"}, {"name": "framework", "value": "pytest"}, {"name": "language", "value": "cpython3"}, {"name": "package", "value": "test_log"}], "titlePath": ["test_log.py"]}